[debug] [2023-11-11T21:11:57.510Z] ----------------------------------------------------------------------
[debug] [2023-11-11T21:11:57.513Z] Command:       F:\nodejs\node.exe C:\Users\48516\AppData\Roaming\npm\node_modules\firebase-tools\lib\bin\firebase.js deploy --only functions
[debug] [2023-11-11T21:11:57.513Z] CLI Version:   12.7.0
[debug] [2023-11-11T21:11:57.513Z] Platform:      win32
[debug] [2023-11-11T21:11:57.513Z] Node Version:  v20.0.0
[debug] [2023-11-11T21:11:57.514Z] Time:          Sat Nov 11 2023 22:11:57 GMT+0100 (czas środkowoeuropejski standardowy)
[debug] [2023-11-11T21:11:57.514Z] ----------------------------------------------------------------------
[debug] 
[debug] [2023-11-11T21:11:57.587Z] > command requires scopes: ["email","openid","https://www.googleapis.com/auth/cloudplatformprojects.readonly","https://www.googleapis.com/auth/firebase","https://www.googleapis.com/auth/cloud-platform"]
[debug] [2023-11-11T21:11:57.588Z] > authorizing via signed-in user (trademood2137@gmail.com)
[debug] [2023-11-11T21:11:57.588Z] [iam] checking project trademood-935a3 for permissions ["cloudfunctions.functions.create","cloudfunctions.functions.delete","cloudfunctions.functions.get","cloudfunctions.functions.list","cloudfunctions.functions.update","cloudfunctions.operations.get","firebase.projects.get"]
[debug] [2023-11-11T21:11:57.590Z] >>> [apiv2][query] POST https://cloudresourcemanager.googleapis.com/v1/projects/trademood-935a3:testIamPermissions [none]
[debug] [2023-11-11T21:11:57.590Z] >>> [apiv2][(partial)header] POST https://cloudresourcemanager.googleapis.com/v1/projects/trademood-935a3:testIamPermissions x-goog-quota-user=projects/trademood-935a3
[debug] [2023-11-11T21:11:57.591Z] >>> [apiv2][body] POST https://cloudresourcemanager.googleapis.com/v1/projects/trademood-935a3:testIamPermissions {"permissions":["cloudfunctions.functions.create","cloudfunctions.functions.delete","cloudfunctions.functions.get","cloudfunctions.functions.list","cloudfunctions.functions.update","cloudfunctions.operations.get","firebase.projects.get"]}
[debug] [2023-11-11T21:11:58.408Z] <<< [apiv2][status] POST https://cloudresourcemanager.googleapis.com/v1/projects/trademood-935a3:testIamPermissions 200
[debug] [2023-11-11T21:11:58.409Z] <<< [apiv2][body] POST https://cloudresourcemanager.googleapis.com/v1/projects/trademood-935a3:testIamPermissions {"permissions":["cloudfunctions.functions.create","cloudfunctions.functions.delete","cloudfunctions.functions.get","cloudfunctions.functions.list","cloudfunctions.functions.update","cloudfunctions.operations.get","firebase.projects.get"]}
[debug] [2023-11-11T21:11:58.409Z] >>> [apiv2][query] POST https://iam.googleapis.com/v1/projects/trademood-935a3/serviceAccounts/trademood-935a3@appspot.gserviceaccount.com:testIamPermissions [none]
[debug] [2023-11-11T21:11:58.410Z] >>> [apiv2][body] POST https://iam.googleapis.com/v1/projects/trademood-935a3/serviceAccounts/trademood-935a3@appspot.gserviceaccount.com:testIamPermissions {"permissions":["iam.serviceAccounts.actAs"]}
[debug] [2023-11-11T21:11:59.184Z] <<< [apiv2][status] POST https://iam.googleapis.com/v1/projects/trademood-935a3/serviceAccounts/trademood-935a3@appspot.gserviceaccount.com:testIamPermissions 200
[debug] [2023-11-11T21:11:59.185Z] <<< [apiv2][body] POST https://iam.googleapis.com/v1/projects/trademood-935a3/serviceAccounts/trademood-935a3@appspot.gserviceaccount.com:testIamPermissions {"permissions":["iam.serviceAccounts.actAs"]}
[info] 
[info] === Deploying to 'trademood-935a3'...
[info] 
[info] i  deploying functions 
[info] Running command: npm --prefix "$RESOURCE_DIR" run build
[info] +  functions: Finished running predeploy script. 
[debug] [2023-11-11T21:12:05.195Z] >>> [apiv2][query] GET https://firebase.googleapis.com/v1beta1/projects/trademood-935a3 [none]
[debug] [2023-11-11T21:12:05.506Z] <<< [apiv2][status] GET https://firebase.googleapis.com/v1beta1/projects/trademood-935a3 200
[debug] [2023-11-11T21:12:05.506Z] <<< [apiv2][body] GET https://firebase.googleapis.com/v1beta1/projects/trademood-935a3 {"projectId":"trademood-935a3","projectNumber":"455803994045","displayName":"TradeMood","name":"projects/trademood-935a3","resources":{"hostingSite":"trademood-935a3","realtimeDatabaseInstance":"trademood-935a3-default-rtdb","storageBucket":"trademood-935a3.appspot.com","locationId":"europe-central2"},"state":"ACTIVE","etag":"1_7e29b79d-cdc0-4708-ab0e-6ecbafb6b660"}
[info] i  functions: preparing codebase default for deployment 
[info] i  functions: ensuring required API cloudfunctions.googleapis.com is enabled... 
[info] i  functions: ensuring required API cloudbuild.googleapis.com is enabled... 
[info] i  artifactregistry: ensuring required API artifactregistry.googleapis.com is enabled... 
[debug] [2023-11-11T21:12:05.508Z] >>> [apiv2][query] GET https://serviceusage.googleapis.com/v1/projects/trademood-935a3/services/cloudfunctions.googleapis.com [none]
[debug] [2023-11-11T21:12:05.508Z] >>> [apiv2][(partial)header] GET https://serviceusage.googleapis.com/v1/projects/trademood-935a3/services/cloudfunctions.googleapis.com x-goog-quota-user=projects/trademood-935a3
[debug] [2023-11-11T21:12:05.509Z] >>> [apiv2][query] GET https://serviceusage.googleapis.com/v1/projects/trademood-935a3/services/runtimeconfig.googleapis.com [none]
[debug] [2023-11-11T21:12:05.509Z] >>> [apiv2][(partial)header] GET https://serviceusage.googleapis.com/v1/projects/trademood-935a3/services/runtimeconfig.googleapis.com x-goog-quota-user=projects/trademood-935a3
[debug] [2023-11-11T21:12:05.510Z] >>> [apiv2][query] GET https://serviceusage.googleapis.com/v1/projects/trademood-935a3/services/cloudbuild.googleapis.com [none]
[debug] [2023-11-11T21:12:05.510Z] >>> [apiv2][(partial)header] GET https://serviceusage.googleapis.com/v1/projects/trademood-935a3/services/cloudbuild.googleapis.com x-goog-quota-user=projects/trademood-935a3
[debug] [2023-11-11T21:12:05.512Z] >>> [apiv2][query] GET https://serviceusage.googleapis.com/v1/projects/trademood-935a3/services/artifactregistry.googleapis.com [none]
[debug] [2023-11-11T21:12:05.512Z] >>> [apiv2][(partial)header] GET https://serviceusage.googleapis.com/v1/projects/trademood-935a3/services/artifactregistry.googleapis.com x-goog-quota-user=projects/trademood-935a3
[debug] [2023-11-11T21:12:06.513Z] <<< [apiv2][status] GET https://serviceusage.googleapis.com/v1/projects/trademood-935a3/services/runtimeconfig.googleapis.com 200
[debug] [2023-11-11T21:12:06.513Z] <<< [apiv2][body] GET https://serviceusage.googleapis.com/v1/projects/trademood-935a3/services/runtimeconfig.googleapis.com [omitted]
[debug] [2023-11-11T21:12:06.514Z] <<< [apiv2][status] GET https://serviceusage.googleapis.com/v1/projects/trademood-935a3/services/cloudbuild.googleapis.com 200
[debug] [2023-11-11T21:12:06.515Z] <<< [apiv2][body] GET https://serviceusage.googleapis.com/v1/projects/trademood-935a3/services/cloudbuild.googleapis.com [omitted]
[info] +  functions: required API cloudbuild.googleapis.com is enabled 
[debug] [2023-11-11T21:12:06.516Z] <<< [apiv2][status] GET https://serviceusage.googleapis.com/v1/projects/trademood-935a3/services/artifactregistry.googleapis.com 200
[debug] [2023-11-11T21:12:06.516Z] <<< [apiv2][body] GET https://serviceusage.googleapis.com/v1/projects/trademood-935a3/services/artifactregistry.googleapis.com [omitted]
[info] +  artifactregistry: required API artifactregistry.googleapis.com is enabled 
[debug] [2023-11-11T21:12:06.518Z] <<< [apiv2][status] GET https://serviceusage.googleapis.com/v1/projects/trademood-935a3/services/cloudfunctions.googleapis.com 200
[debug] [2023-11-11T21:12:06.518Z] <<< [apiv2][body] GET https://serviceusage.googleapis.com/v1/projects/trademood-935a3/services/cloudfunctions.googleapis.com [omitted]
[info] +  functions: required API cloudfunctions.googleapis.com is enabled 
[debug] [2023-11-11T21:12:06.518Z] >>> [apiv2][query] GET https://firebase.googleapis.com/v1beta1/projects/trademood-935a3/adminSdkConfig [none]
[debug] [2023-11-11T21:12:06.751Z] <<< [apiv2][status] GET https://firebase.googleapis.com/v1beta1/projects/trademood-935a3/adminSdkConfig 200
[debug] [2023-11-11T21:12:06.751Z] <<< [apiv2][body] GET https://firebase.googleapis.com/v1beta1/projects/trademood-935a3/adminSdkConfig {"projectId":"trademood-935a3","databaseURL":"https://trademood-935a3-default-rtdb.europe-west1.firebasedatabase.app","storageBucket":"trademood-935a3.appspot.com","locationId":"europe-central2"}
[debug] [2023-11-11T21:12:06.752Z] >>> [apiv2][query] GET https://runtimeconfig.googleapis.com/v1beta1/projects/trademood-935a3/configs [none]
[debug] [2023-11-11T21:12:07.077Z] <<< [apiv2][status] GET https://runtimeconfig.googleapis.com/v1beta1/projects/trademood-935a3/configs 200
[debug] [2023-11-11T21:12:07.078Z] <<< [apiv2][body] GET https://runtimeconfig.googleapis.com/v1beta1/projects/trademood-935a3/configs {}
[debug] [2023-11-11T21:12:07.079Z] Validating nodejs source
[debug] [2023-11-11T21:12:10.610Z] > [functions] package.json contents: {
  "name": "functions",
  "scripts": {
    "build": "tsc",
    "build:watch": "tsc --watch",
    "serve": "npm run build && firebase emulators:start --only functions",
    "shell": "npm run build && firebase functions:shell",
    "start": "npm run shell",
    "deploy": "firebase deploy --only functions",
    "logs": "firebase functions:log"
  },
  "engines": {
    "node": "18"
  },
  "main": "lib/index.js",
  "dependencies": {
    "axios": "^1.6.1",
    "cors": "^2.8.5",
    "firebase-admin": "^11.8.0",
    "firebase-functions": "^4.3.1"
  },
  "devDependencies": {
    "firebase-functions-test": "^3.1.0",
    "typescript": "^4.9.0"
  },
  "private": true
}
[debug] [2023-11-11T21:12:10.610Z] Building nodejs source
[info] i  functions: Loading and analyzing source code for codebase default to determine what to deploy 
[debug] [2023-11-11T21:12:10.612Z] Could not find functions.yaml. Must use http discovery
[debug] [2023-11-11T21:12:10.619Z] Found firebase-functions binary at 'E:\TradeMood\trademoodweb\functions\node_modules\.bin\firebase-functions'
[info] Serving at port 8204

[debug] [2023-11-11T21:12:11.615Z] Got response from /__/functions.yaml {"endpoints":{"proxyFinanceData":{"platform":"gcfv1","availableMemoryMb":null,"timeoutSeconds":null,"minInstances":null,"maxInstances":null,"ingressSettings":null,"serviceAccountEmail":null,"vpc":null,"httpsTrigger":{},"entryPoint":"proxyFinanceData"}},"specVersion":"v1alpha1","requiredAPIs":[]}
[info] i  functions: preparing functions directory for uploading... 
[info] i  functions: packaged E:\TradeMood\trademoodweb\functions (70.88 KB) for uploading 
[debug] [2023-11-11T21:12:16.692Z] >>> [apiv2][query] GET https://cloudfunctions.googleapis.com/v1/projects/trademood-935a3/locations/-/functions [none]
[debug] [2023-11-11T21:12:17.271Z] <<< [apiv2][status] GET https://cloudfunctions.googleapis.com/v1/projects/trademood-935a3/locations/-/functions 200
[debug] [2023-11-11T21:12:17.272Z] <<< [apiv2][body] GET https://cloudfunctions.googleapis.com/v1/projects/trademood-935a3/locations/-/functions {"functions":[{"name":"projects/trademood-935a3/locations/us-central1/functions/proxyFinanceData","httpsTrigger":{"url":"https://us-central1-trademood-935a3.cloudfunctions.net/proxyFinanceData","securityLevel":"SECURE_ALWAYS"},"status":"ACTIVE","entryPoint":"proxyFinanceData","timeout":"60s","availableMemoryMb":256,"serviceAccountEmail":"trademood-935a3@appspot.gserviceaccount.com","updateTime":"2023-11-11T20:39:07.486Z","versionId":"1","labels":{"deployment-tool":"cli-firebase","firebase-functions-hash":"819a85a1c2096b5a440ade346fae57f76677ad8d"},"sourceUploadUrl":"https://storage.googleapis.com/uploads-51150721596.us-central1.cloudfunctions.appspot.com/7b61123e-1561-4ee9-ae51-11967b8fe376.zip","environmentVariables":{"FIREBASE_CONFIG":"{\"projectId\":\"trademood-935a3\",\"databaseURL\":\"https://trademood-935a3-default-rtdb.europe-west1.firebasedatabase.app\",\"storageBucket\":\"trademood-935a3.appspot.com\",\"locationId\":\"europe-central2\"}","GCLOUD_PROJECT":"trademood-935a3","EVENTARC_CLOUD_EVENT_SOURCE":"projects/trademood-935a3/locations/us-central1/functions/proxyFinanceData"},"runtime":"nodejs18","ingressSettings":"ALLOW_ALL","buildId":"65d20c40-4aea-4c0e-939e-d1413fc66d9b","buildEnvironmentVariables":{"GOOGLE_NODE_RUN_SCRIPTS":""},"buildName":"projects/455803994045/locations/us-central1/builds/65d20c40-4aea-4c0e-939e-d1413fc66d9b","dockerRegistry":"ARTIFACT_REGISTRY"}]}
[debug] [2023-11-11T21:12:17.273Z] >>> [apiv2][query] GET https://cloudfunctions.googleapis.com/v2/projects/trademood-935a3/locations/-/functions filter=environment%3D%22GEN_2%22
[debug] [2023-11-11T21:12:17.762Z] <<< [apiv2][status] GET https://cloudfunctions.googleapis.com/v2/projects/trademood-935a3/locations/-/functions 200
[debug] [2023-11-11T21:12:17.762Z] <<< [apiv2][body] GET https://cloudfunctions.googleapis.com/v2/projects/trademood-935a3/locations/-/functions {}
[debug] [2023-11-11T21:12:17.764Z] >>> [apiv2][query] GET https://firebase.googleapis.com/v1beta1/projects/trademood-935a3 [none]
[debug] [2023-11-11T21:12:18.040Z] <<< [apiv2][status] GET https://firebase.googleapis.com/v1beta1/projects/trademood-935a3 200
[debug] [2023-11-11T21:12:18.041Z] <<< [apiv2][body] GET https://firebase.googleapis.com/v1beta1/projects/trademood-935a3 {"projectId":"trademood-935a3","projectNumber":"455803994045","displayName":"TradeMood","name":"projects/trademood-935a3","resources":{"hostingSite":"trademood-935a3","realtimeDatabaseInstance":"trademood-935a3-default-rtdb","storageBucket":"trademood-935a3.appspot.com","locationId":"europe-central2"},"state":"ACTIVE","etag":"1_7e29b79d-cdc0-4708-ab0e-6ecbafb6b660"}
[debug] [2023-11-11T21:12:18.042Z] >>> [apiv2][query] POST https://cloudfunctions.googleapis.com/v1/projects/trademood-935a3/locations/us-central1/functions:generateUploadUrl [none]
[debug] [2023-11-11T21:12:18.042Z] >>> [apiv2][body] POST https://cloudfunctions.googleapis.com/v1/projects/trademood-935a3/locations/us-central1/functions:generateUploadUrl {}
[debug] [2023-11-11T21:12:18.548Z] <<< [apiv2][status] POST https://cloudfunctions.googleapis.com/v1/projects/trademood-935a3/locations/us-central1/functions:generateUploadUrl 200
[debug] [2023-11-11T21:12:18.548Z] <<< [apiv2][body] POST https://cloudfunctions.googleapis.com/v1/projects/trademood-935a3/locations/us-central1/functions:generateUploadUrl {"uploadUrl":"https://storage.googleapis.com/uploads-51150721596.us-central1.cloudfunctions.appspot.com/a60b1077-134c-4b23-8a02-97cc7279d8d3.zip?GoogleAccessId=service-455803994045@gcf-admin-robot.iam.gserviceaccount.com&Expires=1699738939&Signature=IXCEl6PXztigLqWKF3KPMLUMfg1B46By4y%2BPQALP%2FyZGb11gvb2JzW%2B7ABvhfDoGgXdGC7lTG9GXqEYi0KXjkwceSiNm0bjVljIO7%2FGV78PCf1VcU9C3d6OI7LuyD2fDFwtOjF9uNlQ5%2FeHOWZuAYVMHhdw%2FdephWUioNYZLa6FK6M4RbYFfYy7uG7FNmcfBRZQ61B2LB67WuQQEhEOSMMU7w96gtBBOpk5K6yMYo6WkL0TMw2ttynE3ZMSi1fnHE8ObVOtL9oqASNw%2FibMYelCgFdlEFrB4yfczT9tdQL1eVvTD3LAP%2FeokI2YmGTwyTOHdYhgo1bQ0fsM8UM%2BalQ%3D%3D"}
[debug] [2023-11-11T21:12:18.549Z] >>> [apiv2][query] PUT https://storage.googleapis.com/uploads-51150721596.us-central1.cloudfunctions.appspot.com/a60b1077-134c-4b23-8a02-97cc7279d8d3.zip GoogleAccessId=service-455803994045%40gcf-admin-robot.iam.gserviceaccount.com&Expires=1699738939&Signature=IXCEl6PXztigLqWKF3KPMLUMfg1B46By4y%2BPQALP%2FyZGb11gvb2JzW%2B7ABvhfDoGgXdGC7lTG9GXqEYi0KXjkwceSiNm0bjVljIO7%2FGV78PCf1VcU9C3d6OI7LuyD2fDFwtOjF9uNlQ5%2FeHOWZuAYVMHhdw%2FdephWUioNYZLa6FK6M4RbYFfYy7uG7FNmcfBRZQ61B2LB67WuQQEhEOSMMU7w96gtBBOpk5K6yMYo6WkL0TMw2ttynE3ZMSi1fnHE8ObVOtL9oqASNw%2FibMYelCgFdlEFrB4yfczT9tdQL1eVvTD3LAP%2FeokI2YmGTwyTOHdYhgo1bQ0fsM8UM%2BalQ%3D%3D
[debug] [2023-11-11T21:12:18.549Z] >>> [apiv2][body] PUT https://storage.googleapis.com/uploads-51150721596.us-central1.cloudfunctions.appspot.com/a60b1077-134c-4b23-8a02-97cc7279d8d3.zip [stream]
[debug] [2023-11-11T21:12:19.108Z] <<< [apiv2][status] PUT https://storage.googleapis.com/uploads-51150721596.us-central1.cloudfunctions.appspot.com/a60b1077-134c-4b23-8a02-97cc7279d8d3.zip 200
[debug] [2023-11-11T21:12:19.108Z] <<< [apiv2][body] PUT https://storage.googleapis.com/uploads-51150721596.us-central1.cloudfunctions.appspot.com/a60b1077-134c-4b23-8a02-97cc7279d8d3.zip [omitted]
[info] +  functions: functions folder uploaded successfully 
[info] i  functions: updating Node.js 18 (1st Gen) function proxyFinanceData(us-central1)... 
[debug] [2023-11-11T21:12:19.114Z] >>> [apiv2][query] PATCH https://cloudfunctions.googleapis.com/v1/projects/trademood-935a3/locations/us-central1/functions/proxyFinanceData updateMask=name%2CsourceUploadUrl%2CentryPoint%2Cruntime%2CdockerRegistry%2Clabels%2ChttpsTrigger.securityLevel%2CminInstances%2CmaxInstances%2CingressSettings%2CenvironmentVariables%2CserviceAccountEmail%2CavailableMemoryMb%2Ctimeout%2CvpcConnector%2CvpcConnectorEgressSettings%2CsourceToken%2CbuildEnvironmentVariables
[debug] [2023-11-11T21:12:19.114Z] >>> [apiv2][body] PATCH https://cloudfunctions.googleapis.com/v1/projects/trademood-935a3/locations/us-central1/functions/proxyFinanceData {"name":"projects/trademood-935a3/locations/us-central1/functions/proxyFinanceData","sourceUploadUrl":"https://storage.googleapis.com/uploads-51150721596.us-central1.cloudfunctions.appspot.com/a60b1077-134c-4b23-8a02-97cc7279d8d3.zip?GoogleAccessId=service-455803994045@gcf-admin-robot.iam.gserviceaccount.com&Expires=1699738939&Signature=IXCEl6PXztigLqWKF3KPMLUMfg1B46By4y%2BPQALP%2FyZGb11gvb2JzW%2B7ABvhfDoGgXdGC7lTG9GXqEYi0KXjkwceSiNm0bjVljIO7%2FGV78PCf1VcU9C3d6OI7LuyD2fDFwtOjF9uNlQ5%2FeHOWZuAYVMHhdw%2FdephWUioNYZLa6FK6M4RbYFfYy7uG7FNmcfBRZQ61B2LB67WuQQEhEOSMMU7w96gtBBOpk5K6yMYo6WkL0TMw2ttynE3ZMSi1fnHE8ObVOtL9oqASNw%2FibMYelCgFdlEFrB4yfczT9tdQL1eVvTD3LAP%2FeokI2YmGTwyTOHdYhgo1bQ0fsM8UM%2BalQ%3D%3D","entryPoint":"proxyFinanceData","runtime":"nodejs18","dockerRegistry":"ARTIFACT_REGISTRY","labels":{"deployment-tool":"cli-firebase","firebase-functions-hash":"ed31eb516637dd5568fed54e8e0b94607b7c15ea"},"httpsTrigger":{"securityLevel":"SECURE_ALWAYS"},"minInstances":null,"maxInstances":null,"ingressSettings":null,"environmentVariables":{"FIREBASE_CONFIG":"{\"projectId\":\"trademood-935a3\",\"databaseURL\":\"https://trademood-935a3-default-rtdb.europe-west1.firebasedatabase.app\",\"storageBucket\":\"trademood-935a3.appspot.com\",\"locationId\":\"europe-central2\"}","GCLOUD_PROJECT":"trademood-935a3","EVENTARC_CLOUD_EVENT_SOURCE":"projects/trademood-935a3/locations/us-central1/functions/proxyFinanceData"},"serviceAccountEmail":null,"availableMemoryMb":null,"timeout":null,"vpcConnector":null,"vpcConnectorEgressSettings":null,"buildEnvironmentVariables":{"GOOGLE_NODE_RUN_SCRIPTS":""}}
[debug] [2023-11-11T21:12:19.622Z] <<< [apiv2][status] PATCH https://cloudfunctions.googleapis.com/v1/projects/trademood-935a3/locations/us-central1/functions/proxyFinanceData 200
[debug] [2023-11-11T21:12:19.623Z] <<< [apiv2][body] PATCH https://cloudfunctions.googleapis.com/v1/projects/trademood-935a3/locations/us-central1/functions/proxyFinanceData {"name":"operations/dHJhZGVtb29kLTkzNWEzL3VzLWNlbnRyYWwxL3Byb3h5RmluYW5jZURhdGEvY09kMGV0dHB2Qzg","metadata":{"@type":"type.googleapis.com/google.cloud.functions.v1.OperationMetadataV1","target":"projects/trademood-935a3/locations/us-central1/functions/proxyFinanceData","type":"UPDATE_FUNCTION","request":{"@type":"type.googleapis.com/google.cloud.functions.v1.CloudFunction","name":"projects/trademood-935a3/locations/us-central1/functions/proxyFinanceData","httpsTrigger":{"url":"https://us-central1-trademood-935a3.cloudfunctions.net/proxyFinanceData","securityLevel":"SECURE_ALWAYS"},"status":"ACTIVE","entryPoint":"proxyFinanceData","updateTime":"2023-11-11T20:39:07.486Z","versionId":"1","labels":{"deployment-tool":"cli-firebase","firebase-functions-hash":"ed31eb516637dd5568fed54e8e0b94607b7c15ea"},"sourceUploadUrl":"https://storage.googleapis.com/uploads-51150721596.us-central1.cloudfunctions.appspot.com/a60b1077-134c-4b23-8a02-97cc7279d8d3.zip?GoogleAccessId=service-455803994045@gcf-admin-robot.iam.gserviceaccount.com&Expires=1699738939&Signature=IXCEl6PXztigLqWKF3KPMLUMfg1B46By4y%2BPQALP%2FyZGb11gvb2JzW%2B7ABvhfDoGgXdGC7lTG9GXqEYi0KXjkwceSiNm0bjVljIO7%2FGV78PCf1VcU9C3d6OI7LuyD2fDFwtOjF9uNlQ5%2FeHOWZuAYVMHhdw%2FdephWUioNYZLa6FK6M4RbYFfYy7uG7FNmcfBRZQ61B2LB67WuQQEhEOSMMU7w96gtBBOpk5K6yMYo6WkL0TMw2ttynE3ZMSi1fnHE8ObVOtL9oqASNw%2FibMYelCgFdlEFrB4yfczT9tdQL1eVvTD3LAP%2FeokI2YmGTwyTOHdYhgo1bQ0fsM8UM%2BalQ%3D%3D","environmentVariables":{"FIREBASE_CONFIG":"{\"projectId\":\"trademood-935a3\",\"databaseURL\":\"https://trademood-935a3-default-rtdb.europe-west1.firebasedatabase.app\",\"storageBucket\":\"trademood-935a3.appspot.com\",\"locationId\":\"europe-central2\"}","GCLOUD_PROJECT":"trademood-935a3","EVENTARC_CLOUD_EVENT_SOURCE":"projects/trademood-935a3/locations/us-central1/functions/proxyFinanceData"},"runtime":"nodejs18","buildId":"65d20c40-4aea-4c0e-939e-d1413fc66d9b","buildEnvironmentVariables":{"GOOGLE_NODE_RUN_SCRIPTS":""},"buildName":"projects/455803994045/locations/us-central1/builds/65d20c40-4aea-4c0e-939e-d1413fc66d9b","dockerRegistry":"ARTIFACT_REGISTRY"},"versionId":"2","updateTime":"2023-11-11T21:12:21Z"}}
[debug] [2023-11-11T21:12:19.623Z] >>> [apiv2][query] GET https://cloudfunctions.googleapis.com/v1/operations/dHJhZGVtb29kLTkzNWEzL3VzLWNlbnRyYWwxL3Byb3h5RmluYW5jZURhdGEvY09kMGV0dHB2Qzg [none]
[debug] [2023-11-11T21:12:19.827Z] <<< [apiv2][status] GET https://cloudfunctions.googleapis.com/v1/operations/dHJhZGVtb29kLTkzNWEzL3VzLWNlbnRyYWwxL3Byb3h5RmluYW5jZURhdGEvY09kMGV0dHB2Qzg 200
[debug] [2023-11-11T21:12:19.827Z] <<< [apiv2][body] GET https://cloudfunctions.googleapis.com/v1/operations/dHJhZGVtb29kLTkzNWEzL3VzLWNlbnRyYWwxL3Byb3h5RmluYW5jZURhdGEvY09kMGV0dHB2Qzg {"name":"operations/dHJhZGVtb29kLTkzNWEzL3VzLWNlbnRyYWwxL3Byb3h5RmluYW5jZURhdGEvY09kMGV0dHB2Qzg","metadata":{"@type":"type.googleapis.com/google.cloud.functions.v1.OperationMetadataV1","target":"projects/trademood-935a3/locations/us-central1/functions/proxyFinanceData","type":"UPDATE_FUNCTION","request":{"@type":"type.googleapis.com/google.cloud.functions.v1.CloudFunction","name":"projects/trademood-935a3/locations/us-central1/functions/proxyFinanceData","httpsTrigger":{"url":"https://us-central1-trademood-935a3.cloudfunctions.net/proxyFinanceData","securityLevel":"SECURE_ALWAYS"},"status":"ACTIVE","entryPoint":"proxyFinanceData","updateTime":"2023-11-11T20:39:07.486Z","versionId":"1","labels":{"deployment-tool":"cli-firebase","firebase-functions-hash":"ed31eb516637dd5568fed54e8e0b94607b7c15ea"},"sourceUploadUrl":"https://storage.googleapis.com/uploads-51150721596.us-central1.cloudfunctions.appspot.com/a60b1077-134c-4b23-8a02-97cc7279d8d3.zip?GoogleAccessId=service-455803994045@gcf-admin-robot.iam.gserviceaccount.com&Expires=1699738939&Signature=IXCEl6PXztigLqWKF3KPMLUMfg1B46By4y%2BPQALP%2FyZGb11gvb2JzW%2B7ABvhfDoGgXdGC7lTG9GXqEYi0KXjkwceSiNm0bjVljIO7%2FGV78PCf1VcU9C3d6OI7LuyD2fDFwtOjF9uNlQ5%2FeHOWZuAYVMHhdw%2FdephWUioNYZLa6FK6M4RbYFfYy7uG7FNmcfBRZQ61B2LB67WuQQEhEOSMMU7w96gtBBOpk5K6yMYo6WkL0TMw2ttynE3ZMSi1fnHE8ObVOtL9oqASNw%2FibMYelCgFdlEFrB4yfczT9tdQL1eVvTD3LAP%2FeokI2YmGTwyTOHdYhgo1bQ0fsM8UM%2BalQ%3D%3D","environmentVariables":{"FIREBASE_CONFIG":"{\"projectId\":\"trademood-935a3\",\"databaseURL\":\"https://trademood-935a3-default-rtdb.europe-west1.firebasedatabase.app\",\"storageBucket\":\"trademood-935a3.appspot.com\",\"locationId\":\"europe-central2\"}","GCLOUD_PROJECT":"trademood-935a3","EVENTARC_CLOUD_EVENT_SOURCE":"projects/trademood-935a3/locations/us-central1/functions/proxyFinanceData"},"runtime":"nodejs18","buildId":"65d20c40-4aea-4c0e-939e-d1413fc66d9b","buildEnvironmentVariables":{"GOOGLE_NODE_RUN_SCRIPTS":""},"buildName":"projects/455803994045/locations/us-central1/builds/65d20c40-4aea-4c0e-939e-d1413fc66d9b","dockerRegistry":"ARTIFACT_REGISTRY"},"versionId":"2","updateTime":"2023-11-11T21:12:21Z"}}
[debug] [2023-11-11T21:12:20.336Z] [update-default-us-central1-proxyFinanceData] Retrying task index 0
[debug] [2023-11-11T21:12:20.336Z] >>> [apiv2][query] GET https://cloudfunctions.googleapis.com/v1/operations/dHJhZGVtb29kLTkzNWEzL3VzLWNlbnRyYWwxL3Byb3h5RmluYW5jZURhdGEvY09kMGV0dHB2Qzg [none]
[debug] [2023-11-11T21:12:20.598Z] <<< [apiv2][status] GET https://cloudfunctions.googleapis.com/v1/operations/dHJhZGVtb29kLTkzNWEzL3VzLWNlbnRyYWwxL3Byb3h5RmluYW5jZURhdGEvY09kMGV0dHB2Qzg 200
[debug] [2023-11-11T21:12:20.598Z] <<< [apiv2][body] GET https://cloudfunctions.googleapis.com/v1/operations/dHJhZGVtb29kLTkzNWEzL3VzLWNlbnRyYWwxL3Byb3h5RmluYW5jZURhdGEvY09kMGV0dHB2Qzg {"name":"operations/dHJhZGVtb29kLTkzNWEzL3VzLWNlbnRyYWwxL3Byb3h5RmluYW5jZURhdGEvY09kMGV0dHB2Qzg","metadata":{"@type":"type.googleapis.com/google.cloud.functions.v1.OperationMetadataV1","target":"projects/trademood-935a3/locations/us-central1/functions/proxyFinanceData","type":"UPDATE_FUNCTION","request":{"@type":"type.googleapis.com/google.cloud.functions.v1.CloudFunction","name":"projects/trademood-935a3/locations/us-central1/functions/proxyFinanceData","httpsTrigger":{"url":"https://us-central1-trademood-935a3.cloudfunctions.net/proxyFinanceData","securityLevel":"SECURE_ALWAYS"},"status":"ACTIVE","entryPoint":"proxyFinanceData","updateTime":"2023-11-11T20:39:07.486Z","versionId":"1","labels":{"deployment-tool":"cli-firebase","firebase-functions-hash":"ed31eb516637dd5568fed54e8e0b94607b7c15ea"},"sourceUploadUrl":"https://storage.googleapis.com/uploads-51150721596.us-central1.cloudfunctions.appspot.com/a60b1077-134c-4b23-8a02-97cc7279d8d3.zip?GoogleAccessId=service-455803994045@gcf-admin-robot.iam.gserviceaccount.com&Expires=1699738939&Signature=IXCEl6PXztigLqWKF3KPMLUMfg1B46By4y%2BPQALP%2FyZGb11gvb2JzW%2B7ABvhfDoGgXdGC7lTG9GXqEYi0KXjkwceSiNm0bjVljIO7%2FGV78PCf1VcU9C3d6OI7LuyD2fDFwtOjF9uNlQ5%2FeHOWZuAYVMHhdw%2FdephWUioNYZLa6FK6M4RbYFfYy7uG7FNmcfBRZQ61B2LB67WuQQEhEOSMMU7w96gtBBOpk5K6yMYo6WkL0TMw2ttynE3ZMSi1fnHE8ObVOtL9oqASNw%2FibMYelCgFdlEFrB4yfczT9tdQL1eVvTD3LAP%2FeokI2YmGTwyTOHdYhgo1bQ0fsM8UM%2BalQ%3D%3D","environmentVariables":{"FIREBASE_CONFIG":"{\"projectId\":\"trademood-935a3\",\"databaseURL\":\"https://trademood-935a3-default-rtdb.europe-west1.firebasedatabase.app\",\"storageBucket\":\"trademood-935a3.appspot.com\",\"locationId\":\"europe-central2\"}","GCLOUD_PROJECT":"trademood-935a3","EVENTARC_CLOUD_EVENT_SOURCE":"projects/trademood-935a3/locations/us-central1/functions/proxyFinanceData"},"runtime":"nodejs18","buildId":"65d20c40-4aea-4c0e-939e-d1413fc66d9b","buildEnvironmentVariables":{"GOOGLE_NODE_RUN_SCRIPTS":""},"buildName":"projects/455803994045/locations/us-central1/builds/65d20c40-4aea-4c0e-939e-d1413fc66d9b","dockerRegistry":"ARTIFACT_REGISTRY"},"versionId":"2","updateTime":"2023-11-11T21:12:21Z","buildId":"bb6d4316-3a77-48da-80d1-423241ae567d","buildName":"projects/455803994045/locations/us-central1/builds/bb6d4316-3a77-48da-80d1-423241ae567d"}}
[debug] [2023-11-11T21:12:21.602Z] [update-default-us-central1-proxyFinanceData] Retrying task index 0
[debug] [2023-11-11T21:12:21.602Z] >>> [apiv2][query] GET https://cloudfunctions.googleapis.com/v1/operations/dHJhZGVtb29kLTkzNWEzL3VzLWNlbnRyYWwxL3Byb3h5RmluYW5jZURhdGEvY09kMGV0dHB2Qzg [none]
[debug] [2023-11-11T21:12:21.815Z] <<< [apiv2][status] GET https://cloudfunctions.googleapis.com/v1/operations/dHJhZGVtb29kLTkzNWEzL3VzLWNlbnRyYWwxL3Byb3h5RmluYW5jZURhdGEvY09kMGV0dHB2Qzg 200
[debug] [2023-11-11T21:12:21.816Z] <<< [apiv2][body] GET https://cloudfunctions.googleapis.com/v1/operations/dHJhZGVtb29kLTkzNWEzL3VzLWNlbnRyYWwxL3Byb3h5RmluYW5jZURhdGEvY09kMGV0dHB2Qzg {"name":"operations/dHJhZGVtb29kLTkzNWEzL3VzLWNlbnRyYWwxL3Byb3h5RmluYW5jZURhdGEvY09kMGV0dHB2Qzg","metadata":{"@type":"type.googleapis.com/google.cloud.functions.v1.OperationMetadataV1","target":"projects/trademood-935a3/locations/us-central1/functions/proxyFinanceData","type":"UPDATE_FUNCTION","request":{"@type":"type.googleapis.com/google.cloud.functions.v1.CloudFunction","name":"projects/trademood-935a3/locations/us-central1/functions/proxyFinanceData","httpsTrigger":{"url":"https://us-central1-trademood-935a3.cloudfunctions.net/proxyFinanceData","securityLevel":"SECURE_ALWAYS"},"status":"ACTIVE","entryPoint":"proxyFinanceData","updateTime":"2023-11-11T20:39:07.486Z","versionId":"1","labels":{"deployment-tool":"cli-firebase","firebase-functions-hash":"ed31eb516637dd5568fed54e8e0b94607b7c15ea"},"sourceUploadUrl":"https://storage.googleapis.com/uploads-51150721596.us-central1.cloudfunctions.appspot.com/a60b1077-134c-4b23-8a02-97cc7279d8d3.zip?GoogleAccessId=service-455803994045@gcf-admin-robot.iam.gserviceaccount.com&Expires=1699738939&Signature=IXCEl6PXztigLqWKF3KPMLUMfg1B46By4y%2BPQALP%2FyZGb11gvb2JzW%2B7ABvhfDoGgXdGC7lTG9GXqEYi0KXjkwceSiNm0bjVljIO7%2FGV78PCf1VcU9C3d6OI7LuyD2fDFwtOjF9uNlQ5%2FeHOWZuAYVMHhdw%2FdephWUioNYZLa6FK6M4RbYFfYy7uG7FNmcfBRZQ61B2LB67WuQQEhEOSMMU7w96gtBBOpk5K6yMYo6WkL0TMw2ttynE3ZMSi1fnHE8ObVOtL9oqASNw%2FibMYelCgFdlEFrB4yfczT9tdQL1eVvTD3LAP%2FeokI2YmGTwyTOHdYhgo1bQ0fsM8UM%2BalQ%3D%3D","environmentVariables":{"FIREBASE_CONFIG":"{\"projectId\":\"trademood-935a3\",\"databaseURL\":\"https://trademood-935a3-default-rtdb.europe-west1.firebasedatabase.app\",\"storageBucket\":\"trademood-935a3.appspot.com\",\"locationId\":\"europe-central2\"}","GCLOUD_PROJECT":"trademood-935a3","EVENTARC_CLOUD_EVENT_SOURCE":"projects/trademood-935a3/locations/us-central1/functions/proxyFinanceData"},"runtime":"nodejs18","buildId":"65d20c40-4aea-4c0e-939e-d1413fc66d9b","buildEnvironmentVariables":{"GOOGLE_NODE_RUN_SCRIPTS":""},"buildName":"projects/455803994045/locations/us-central1/builds/65d20c40-4aea-4c0e-939e-d1413fc66d9b","dockerRegistry":"ARTIFACT_REGISTRY"},"versionId":"2","updateTime":"2023-11-11T21:12:21Z","buildId":"bb6d4316-3a77-48da-80d1-423241ae567d","buildName":"projects/455803994045/locations/us-central1/builds/bb6d4316-3a77-48da-80d1-423241ae567d"}}
[debug] [2023-11-11T21:12:23.818Z] [update-default-us-central1-proxyFinanceData] Retrying task index 0
[debug] [2023-11-11T21:12:23.818Z] >>> [apiv2][query] GET https://cloudfunctions.googleapis.com/v1/operations/dHJhZGVtb29kLTkzNWEzL3VzLWNlbnRyYWwxL3Byb3h5RmluYW5jZURhdGEvY09kMGV0dHB2Qzg [none]
[debug] [2023-11-11T21:12:24.005Z] <<< [apiv2][status] GET https://cloudfunctions.googleapis.com/v1/operations/dHJhZGVtb29kLTkzNWEzL3VzLWNlbnRyYWwxL3Byb3h5RmluYW5jZURhdGEvY09kMGV0dHB2Qzg 200
[debug] [2023-11-11T21:12:24.005Z] <<< [apiv2][body] GET https://cloudfunctions.googleapis.com/v1/operations/dHJhZGVtb29kLTkzNWEzL3VzLWNlbnRyYWwxL3Byb3h5RmluYW5jZURhdGEvY09kMGV0dHB2Qzg {"name":"operations/dHJhZGVtb29kLTkzNWEzL3VzLWNlbnRyYWwxL3Byb3h5RmluYW5jZURhdGEvY09kMGV0dHB2Qzg","metadata":{"@type":"type.googleapis.com/google.cloud.functions.v1.OperationMetadataV1","target":"projects/trademood-935a3/locations/us-central1/functions/proxyFinanceData","type":"UPDATE_FUNCTION","request":{"@type":"type.googleapis.com/google.cloud.functions.v1.CloudFunction","name":"projects/trademood-935a3/locations/us-central1/functions/proxyFinanceData","httpsTrigger":{"url":"https://us-central1-trademood-935a3.cloudfunctions.net/proxyFinanceData","securityLevel":"SECURE_ALWAYS"},"status":"ACTIVE","entryPoint":"proxyFinanceData","updateTime":"2023-11-11T20:39:07.486Z","versionId":"1","labels":{"deployment-tool":"cli-firebase","firebase-functions-hash":"ed31eb516637dd5568fed54e8e0b94607b7c15ea"},"sourceUploadUrl":"https://storage.googleapis.com/uploads-51150721596.us-central1.cloudfunctions.appspot.com/a60b1077-134c-4b23-8a02-97cc7279d8d3.zip?GoogleAccessId=service-455803994045@gcf-admin-robot.iam.gserviceaccount.com&Expires=1699738939&Signature=IXCEl6PXztigLqWKF3KPMLUMfg1B46By4y%2BPQALP%2FyZGb11gvb2JzW%2B7ABvhfDoGgXdGC7lTG9GXqEYi0KXjkwceSiNm0bjVljIO7%2FGV78PCf1VcU9C3d6OI7LuyD2fDFwtOjF9uNlQ5%2FeHOWZuAYVMHhdw%2FdephWUioNYZLa6FK6M4RbYFfYy7uG7FNmcfBRZQ61B2LB67WuQQEhEOSMMU7w96gtBBOpk5K6yMYo6WkL0TMw2ttynE3ZMSi1fnHE8ObVOtL9oqASNw%2FibMYelCgFdlEFrB4yfczT9tdQL1eVvTD3LAP%2FeokI2YmGTwyTOHdYhgo1bQ0fsM8UM%2BalQ%3D%3D","environmentVariables":{"FIREBASE_CONFIG":"{\"projectId\":\"trademood-935a3\",\"databaseURL\":\"https://trademood-935a3-default-rtdb.europe-west1.firebasedatabase.app\",\"storageBucket\":\"trademood-935a3.appspot.com\",\"locationId\":\"europe-central2\"}","GCLOUD_PROJECT":"trademood-935a3","EVENTARC_CLOUD_EVENT_SOURCE":"projects/trademood-935a3/locations/us-central1/functions/proxyFinanceData"},"runtime":"nodejs18","buildId":"65d20c40-4aea-4c0e-939e-d1413fc66d9b","buildEnvironmentVariables":{"GOOGLE_NODE_RUN_SCRIPTS":""},"buildName":"projects/455803994045/locations/us-central1/builds/65d20c40-4aea-4c0e-939e-d1413fc66d9b","dockerRegistry":"ARTIFACT_REGISTRY"},"versionId":"2","updateTime":"2023-11-11T21:12:21Z","buildId":"bb6d4316-3a77-48da-80d1-423241ae567d","buildName":"projects/455803994045/locations/us-central1/builds/bb6d4316-3a77-48da-80d1-423241ae567d"}}
[debug] [2023-11-11T21:12:28.014Z] [update-default-us-central1-proxyFinanceData] Retrying task index 0
[debug] [2023-11-11T21:12:28.014Z] >>> [apiv2][query] GET https://cloudfunctions.googleapis.com/v1/operations/dHJhZGVtb29kLTkzNWEzL3VzLWNlbnRyYWwxL3Byb3h5RmluYW5jZURhdGEvY09kMGV0dHB2Qzg [none]
[debug] [2023-11-11T21:12:28.204Z] <<< [apiv2][status] GET https://cloudfunctions.googleapis.com/v1/operations/dHJhZGVtb29kLTkzNWEzL3VzLWNlbnRyYWwxL3Byb3h5RmluYW5jZURhdGEvY09kMGV0dHB2Qzg 200
[debug] [2023-11-11T21:12:28.204Z] <<< [apiv2][body] GET https://cloudfunctions.googleapis.com/v1/operations/dHJhZGVtb29kLTkzNWEzL3VzLWNlbnRyYWwxL3Byb3h5RmluYW5jZURhdGEvY09kMGV0dHB2Qzg {"name":"operations/dHJhZGVtb29kLTkzNWEzL3VzLWNlbnRyYWwxL3Byb3h5RmluYW5jZURhdGEvY09kMGV0dHB2Qzg","metadata":{"@type":"type.googleapis.com/google.cloud.functions.v1.OperationMetadataV1","target":"projects/trademood-935a3/locations/us-central1/functions/proxyFinanceData","type":"UPDATE_FUNCTION","request":{"@type":"type.googleapis.com/google.cloud.functions.v1.CloudFunction","name":"projects/trademood-935a3/locations/us-central1/functions/proxyFinanceData","httpsTrigger":{"url":"https://us-central1-trademood-935a3.cloudfunctions.net/proxyFinanceData","securityLevel":"SECURE_ALWAYS"},"status":"ACTIVE","entryPoint":"proxyFinanceData","updateTime":"2023-11-11T20:39:07.486Z","versionId":"1","labels":{"deployment-tool":"cli-firebase","firebase-functions-hash":"ed31eb516637dd5568fed54e8e0b94607b7c15ea"},"sourceUploadUrl":"https://storage.googleapis.com/uploads-51150721596.us-central1.cloudfunctions.appspot.com/a60b1077-134c-4b23-8a02-97cc7279d8d3.zip?GoogleAccessId=service-455803994045@gcf-admin-robot.iam.gserviceaccount.com&Expires=1699738939&Signature=IXCEl6PXztigLqWKF3KPMLUMfg1B46By4y%2BPQALP%2FyZGb11gvb2JzW%2B7ABvhfDoGgXdGC7lTG9GXqEYi0KXjkwceSiNm0bjVljIO7%2FGV78PCf1VcU9C3d6OI7LuyD2fDFwtOjF9uNlQ5%2FeHOWZuAYVMHhdw%2FdephWUioNYZLa6FK6M4RbYFfYy7uG7FNmcfBRZQ61B2LB67WuQQEhEOSMMU7w96gtBBOpk5K6yMYo6WkL0TMw2ttynE3ZMSi1fnHE8ObVOtL9oqASNw%2FibMYelCgFdlEFrB4yfczT9tdQL1eVvTD3LAP%2FeokI2YmGTwyTOHdYhgo1bQ0fsM8UM%2BalQ%3D%3D","environmentVariables":{"FIREBASE_CONFIG":"{\"projectId\":\"trademood-935a3\",\"databaseURL\":\"https://trademood-935a3-default-rtdb.europe-west1.firebasedatabase.app\",\"storageBucket\":\"trademood-935a3.appspot.com\",\"locationId\":\"europe-central2\"}","GCLOUD_PROJECT":"trademood-935a3","EVENTARC_CLOUD_EVENT_SOURCE":"projects/trademood-935a3/locations/us-central1/functions/proxyFinanceData"},"runtime":"nodejs18","buildId":"65d20c40-4aea-4c0e-939e-d1413fc66d9b","buildEnvironmentVariables":{"GOOGLE_NODE_RUN_SCRIPTS":""},"buildName":"projects/455803994045/locations/us-central1/builds/65d20c40-4aea-4c0e-939e-d1413fc66d9b","dockerRegistry":"ARTIFACT_REGISTRY"},"versionId":"2","updateTime":"2023-11-11T21:12:21Z","buildId":"bb6d4316-3a77-48da-80d1-423241ae567d","buildName":"projects/455803994045/locations/us-central1/builds/bb6d4316-3a77-48da-80d1-423241ae567d"}}
